<?xml version="1.0" encoding="UTF-8"?>
<testsuites>
  <testsuite name="C:\Users\TheGoat\Downloads\proyecto-si784-2024-ii-u2-ayma_tapia_poma-main\proyecto-si784-2024-ii-u2-ayma_tapia_poma-main\project\phpunit.xml" tests="72" assertions="139" errors="0" failures="0" skipped="0" time="8.749097">
    <testsuite name="Unit Tests" tests="26" assertions="28" errors="0" failures="0" skipped="0" time="2.040757">
      <testsuite name="Tests\Unit\CategoryModelTest" file="C:\Users\TheGoat\Downloads\proyecto-si784-2024-ii-u2-ayma_tapia_poma-main\proyecto-si784-2024-ii-u2-ayma_tapia_poma-main\project\tests\Unit\CategoryModelTest.php" tests="7" assertions="7" errors="0" failures="0" skipped="0" time="0.447514">
        <testcase name="testCreateCategorySuccess" file="C:\Users\TheGoat\Downloads\proyecto-si784-2024-ii-u2-ayma_tapia_poma-main\proyecto-si784-2024-ii-u2-ayma_tapia_poma-main\project\tests\Unit\CategoryModelTest.php" line="25" class="Tests\Unit\CategoryModelTest" classname="Tests.Unit.CategoryModelTest" assertions="1" time="0.076670"/>
        <testcase name="testCreateCategoryFailsWithoutName" file="C:\Users\TheGoat\Downloads\proyecto-si784-2024-ii-u2-ayma_tapia_poma-main\proyecto-si784-2024-ii-u2-ayma_tapia_poma-main\project\tests\Unit\CategoryModelTest.php" line="48" class="Tests\Unit\CategoryModelTest" classname="Tests.Unit.CategoryModelTest" assertions="1" time="0.061010"/>
        <testcase name="testGetCategoriesSuccess" file="C:\Users\TheGoat\Downloads\proyecto-si784-2024-ii-u2-ayma_tapia_poma-main\proyecto-si784-2024-ii-u2-ayma_tapia_poma-main\project\tests\Unit\CategoryModelTest.php" line="58" class="Tests\Unit\CategoryModelTest" classname="Tests.Unit.CategoryModelTest" assertions="1" time="0.062747"/>
        <testcase name="testGetCategoryByIdSuccess" file="C:\Users\TheGoat\Downloads\proyecto-si784-2024-ii-u2-ayma_tapia_poma-main\proyecto-si784-2024-ii-u2-ayma_tapia_poma-main\project\tests\Unit\CategoryModelTest.php" line="87" class="Tests\Unit\CategoryModelTest" classname="Tests.Unit.CategoryModelTest" assertions="1" time="0.060618"/>
        <testcase name="testUpdateCategorySuccess" file="C:\Users\TheGoat\Downloads\proyecto-si784-2024-ii-u2-ayma_tapia_poma-main\proyecto-si784-2024-ii-u2-ayma_tapia_poma-main\project\tests\Unit\CategoryModelTest.php" line="117" class="Tests\Unit\CategoryModelTest" classname="Tests.Unit.CategoryModelTest" assertions="1" time="0.062804"/>
        <testcase name="testUpdateCategoryFailsWithoutId" file="C:\Users\TheGoat\Downloads\proyecto-si784-2024-ii-u2-ayma_tapia_poma-main\proyecto-si784-2024-ii-u2-ayma_tapia_poma-main\project\tests\Unit\CategoryModelTest.php" line="147" class="Tests\Unit\CategoryModelTest" classname="Tests.Unit.CategoryModelTest" assertions="1" time="0.063221"/>
        <testcase name="testDeleteCategorySuccess" file="C:\Users\TheGoat\Downloads\proyecto-si784-2024-ii-u2-ayma_tapia_poma-main\proyecto-si784-2024-ii-u2-ayma_tapia_poma-main\project\tests\Unit\CategoryModelTest.php" line="157" class="Tests\Unit\CategoryModelTest" classname="Tests.Unit.CategoryModelTest" assertions="1" time="0.060443"/>
      </testsuite>
      <testsuite name="Tests\Unit\NotificationModelTest" file="C:\Users\TheGoat\Downloads\proyecto-si784-2024-ii-u2-ayma_tapia_poma-main\proyecto-si784-2024-ii-u2-ayma_tapia_poma-main\project\tests\Unit\NotificationModelTest.php" tests="5" assertions="5" errors="0" failures="0" skipped="0" time="0.305142">
        <testcase name="testCreateNotificationSuccess" file="C:\Users\TheGoat\Downloads\proyecto-si784-2024-ii-u2-ayma_tapia_poma-main\proyecto-si784-2024-ii-u2-ayma_tapia_poma-main\project\tests\Unit\NotificationModelTest.php" line="24" class="Tests\Unit\NotificationModelTest" classname="Tests.Unit.NotificationModelTest" assertions="1" time="0.063746"/>
        <testcase name="testCreateNotificationFailsWithoutRequiredFields" file="C:\Users\TheGoat\Downloads\proyecto-si784-2024-ii-u2-ayma_tapia_poma-main\proyecto-si784-2024-ii-u2-ayma_tapia_poma-main\project\tests\Unit\NotificationModelTest.php" line="50" class="Tests\Unit\NotificationModelTest" classname="Tests.Unit.NotificationModelTest" assertions="1" time="0.059137"/>
        <testcase name="testGetNotificationsByUserSuccess" file="C:\Users\TheGoat\Downloads\proyecto-si784-2024-ii-u2-ayma_tapia_poma-main\proyecto-si784-2024-ii-u2-ayma_tapia_poma-main\project\tests\Unit\NotificationModelTest.php" line="62" class="Tests\Unit\NotificationModelTest" classname="Tests.Unit.NotificationModelTest" assertions="1" time="0.062746"/>
        <testcase name="testMarkAsReadSuccess" file="C:\Users\TheGoat\Downloads\proyecto-si784-2024-ii-u2-ayma_tapia_poma-main\proyecto-si784-2024-ii-u2-ayma_tapia_poma-main\project\tests\Unit\NotificationModelTest.php" line="92" class="Tests\Unit\NotificationModelTest" classname="Tests.Unit.NotificationModelTest" assertions="1" time="0.057327"/>
        <testcase name="testDeleteNotificationSuccess" file="C:\Users\TheGoat\Downloads\proyecto-si784-2024-ii-u2-ayma_tapia_poma-main\proyecto-si784-2024-ii-u2-ayma_tapia_poma-main\project\tests\Unit\NotificationModelTest.php" line="115" class="Tests\Unit\NotificationModelTest" classname="Tests.Unit.NotificationModelTest" assertions="1" time="0.062186"/>
      </testsuite>
      <testsuite name="Tests\Unit\TaskModelTest" file="C:\Users\TheGoat\Downloads\proyecto-si784-2024-ii-u2-ayma_tapia_poma-main\proyecto-si784-2024-ii-u2-ayma_tapia_poma-main\project\tests\Unit\TaskModelTest.php" tests="8" assertions="8" errors="0" failures="0" skipped="0" time="0.468861">
        <testcase name="testCreateTaskSuccess" file="C:\Users\TheGoat\Downloads\proyecto-si784-2024-ii-u2-ayma_tapia_poma-main\proyecto-si784-2024-ii-u2-ayma_tapia_poma-main\project\tests\Unit\TaskModelTest.php" line="24" class="Tests\Unit\TaskModelTest" classname="Tests.Unit.TaskModelTest" assertions="1" time="0.061355"/>
        <testcase name="testCreateTaskFails" file="C:\Users\TheGoat\Downloads\proyecto-si784-2024-ii-u2-ayma_tapia_poma-main\proyecto-si784-2024-ii-u2-ayma_tapia_poma-main\project\tests\Unit\TaskModelTest.php" line="52" class="Tests\Unit\TaskModelTest" classname="Tests.Unit.TaskModelTest" assertions="1" time="0.059652"/>
        <testcase name="testGetTasksByUserSuccess" file="C:\Users\TheGoat\Downloads\proyecto-si784-2024-ii-u2-ayma_tapia_poma-main\proyecto-si784-2024-ii-u2-ayma_tapia_poma-main\project\tests\Unit\TaskModelTest.php" line="66" class="Tests\Unit\TaskModelTest" classname="Tests.Unit.TaskModelTest" assertions="1" time="0.059267"/>
        <testcase name="testUpdateTaskSuccess" file="C:\Users\TheGoat\Downloads\proyecto-si784-2024-ii-u2-ayma_tapia_poma-main\proyecto-si784-2024-ii-u2-ayma_tapia_poma-main\project\tests\Unit\TaskModelTest.php" line="101" class="Tests\Unit\TaskModelTest" classname="Tests.Unit.TaskModelTest" assertions="1" time="0.057273"/>
        <testcase name="testUpdateTaskFailsWithoutRequiredFields" file="C:\Users\TheGoat\Downloads\proyecto-si784-2024-ii-u2-ayma_tapia_poma-main\proyecto-si784-2024-ii-u2-ayma_tapia_poma-main\project\tests\Unit\TaskModelTest.php" line="133" class="Tests\Unit\TaskModelTest" classname="Tests.Unit.TaskModelTest" assertions="1" time="0.056256"/>
        <testcase name="testDeleteTaskSuccess" file="C:\Users\TheGoat\Downloads\proyecto-si784-2024-ii-u2-ayma_tapia_poma-main\proyecto-si784-2024-ii-u2-ayma_tapia_poma-main\project\tests\Unit\TaskModelTest.php" line="147" class="Tests\Unit\TaskModelTest" classname="Tests.Unit.TaskModelTest" assertions="1" time="0.057584"/>
        <testcase name="testGetTaskByIdSuccess" file="C:\Users\TheGoat\Downloads\proyecto-si784-2024-ii-u2-ayma_tapia_poma-main\proyecto-si784-2024-ii-u2-ayma_tapia_poma-main\project\tests\Unit\TaskModelTest.php" line="169" class="Tests\Unit\TaskModelTest" classname="Tests.Unit.TaskModelTest" assertions="1" time="0.058568"/>
        <testcase name="testGetTaskByIdReturnsNullIfNotFound" file="C:\Users\TheGoat\Downloads\proyecto-si784-2024-ii-u2-ayma_tapia_poma-main\proyecto-si784-2024-ii-u2-ayma_tapia_poma-main\project\tests\Unit\TaskModelTest.php" line="196" class="Tests\Unit\TaskModelTest" classname="Tests.Unit.TaskModelTest" assertions="1" time="0.058905"/>
      </testsuite>
      <testsuite name="Tests\Unit\UserModelTest" file="C:\Users\TheGoat\Downloads\proyecto-si784-2024-ii-u2-ayma_tapia_poma-main\proyecto-si784-2024-ii-u2-ayma_tapia_poma-main\project\tests\Unit\UserModelTest.php" tests="6" assertions="8" errors="0" failures="0" skipped="0" time="0.819241">
        <testcase name="testCreateUser" file="C:\Users\TheGoat\Downloads\proyecto-si784-2024-ii-u2-ayma_tapia_poma-main\proyecto-si784-2024-ii-u2-ayma_tapia_poma-main\project\tests\Unit\UserModelTest.php" line="25" class="Tests\Unit\UserModelTest" classname="Tests.Unit.UserModelTest" assertions="1" time="0.151836"/>
        <testcase name="testPasswordVerification" file="C:\Users\TheGoat\Downloads\proyecto-si784-2024-ii-u2-ayma_tapia_poma-main\proyecto-si784-2024-ii-u2-ayma_tapia_poma-main\project\tests\Unit\UserModelTest.php" line="44" class="Tests\Unit\UserModelTest" classname="Tests.Unit.UserModelTest" assertions="2" time="0.197387"/>
        <testcase name="testCreateUserWithDuplicateEmail" file="C:\Users\TheGoat\Downloads\proyecto-si784-2024-ii-u2-ayma_tapia_poma-main\proyecto-si784-2024-ii-u2-ayma_tapia_poma-main\project\tests\Unit\UserModelTest.php" line="65" class="Tests\Unit\UserModelTest" classname="Tests.Unit.UserModelTest" assertions="1" time="0.164401"/>
        <testcase name="testCreateUserWithMissingFields" file="C:\Users\TheGoat\Downloads\proyecto-si784-2024-ii-u2-ayma_tapia_poma-main\proyecto-si784-2024-ii-u2-ayma_tapia_poma-main\project\tests\Unit\UserModelTest.php" line="91" class="Tests\Unit\UserModelTest" classname="Tests.Unit.UserModelTest" assertions="1" time="0.056054"/>
        <testcase name="testFindUserByEmail" file="C:\Users\TheGoat\Downloads\proyecto-si784-2024-ii-u2-ayma_tapia_poma-main\proyecto-si784-2024-ii-u2-ayma_tapia_poma-main\project\tests\Unit\UserModelTest.php" line="106" class="Tests\Unit\UserModelTest" classname="Tests.Unit.UserModelTest" assertions="2" time="0.166935"/>
        <testcase name="testFindUserByEmailNotFound" file="C:\Users\TheGoat\Downloads\proyecto-si784-2024-ii-u2-ayma_tapia_poma-main\proyecto-si784-2024-ii-u2-ayma_tapia_poma-main\project\tests\Unit\UserModelTest.php" line="129" class="Tests\Unit\UserModelTest" classname="Tests.Unit.UserModelTest" assertions="1" time="0.082627"/>
      </testsuite>
    </testsuite>
    <testsuite name="Functional Tests" tests="38" assertions="98" errors="0" failures="0" skipped="0" time="1.134013">
      <testsuite name="Tests\Functional\AuthControllerTest" file="C:\Users\TheGoat\Downloads\proyecto-si784-2024-ii-u2-ayma_tapia_poma-main\proyecto-si784-2024-ii-u2-ayma_tapia_poma-main\project\tests\Functional\AuthControllerTest.php" tests="13" assertions="32" errors="0" failures="0" skipped="0" time="1.126196">
        <testcase name="testLoginWithValidCredentials" file="C:\Users\TheGoat\Downloads\proyecto-si784-2024-ii-u2-ayma_tapia_poma-main\proyecto-si784-2024-ii-u2-ayma_tapia_poma-main\project\tests\Functional\AuthControllerTest.php" line="31" class="Tests\Functional\AuthControllerTest" classname="Tests.Functional.AuthControllerTest" assertions="3" time="0.155848"/>
        <testcase name="testLoginWithInvalidCredentials" file="C:\Users\TheGoat\Downloads\proyecto-si784-2024-ii-u2-ayma_tapia_poma-main\proyecto-si784-2024-ii-u2-ayma_tapia_poma-main\project\tests\Functional\AuthControllerTest.php" line="59" class="Tests\Functional\AuthControllerTest" classname="Tests.Functional.AuthControllerTest" assertions="3" time="0.160439"/>
        <testcase name="testLoginWithMissingFields" file="C:\Users\TheGoat\Downloads\proyecto-si784-2024-ii-u2-ayma_tapia_poma-main\proyecto-si784-2024-ii-u2-ayma_tapia_poma-main\project\tests\Functional\AuthControllerTest.php" line="87" class="Tests\Functional\AuthControllerTest" classname="Tests.Functional.AuthControllerTest" assertions="3" time="0.058328"/>
        <testcase name="testRegisterWithValidData" file="C:\Users\TheGoat\Downloads\proyecto-si784-2024-ii-u2-ayma_tapia_poma-main\proyecto-si784-2024-ii-u2-ayma_tapia_poma-main\project\tests\Functional\AuthControllerTest.php" line="104" class="Tests\Functional\AuthControllerTest" classname="Tests.Functional.AuthControllerTest" assertions="3" time="0.149643"/>
        <testcase name="testRegisterWithExistingEmail" file="C:\Users\TheGoat\Downloads\proyecto-si784-2024-ii-u2-ayma_tapia_poma-main\proyecto-si784-2024-ii-u2-ayma_tapia_poma-main\project\tests\Functional\AuthControllerTest.php" line="140" class="Tests\Functional\AuthControllerTest" classname="Tests.Functional.AuthControllerTest" assertions="3" time="0.057491"/>
        <testcase name="testRegisterWithMissingFields" file="C:\Users\TheGoat\Downloads\proyecto-si784-2024-ii-u2-ayma_tapia_poma-main\proyecto-si784-2024-ii-u2-ayma_tapia_poma-main\project\tests\Functional\AuthControllerTest.php" line="166" class="Tests\Functional\AuthControllerTest" classname="Tests.Functional.AuthControllerTest" assertions="3" time="0.063497"/>
        <testcase name="testRegisterFailsToCreateUser" file="C:\Users\TheGoat\Downloads\proyecto-si784-2024-ii-u2-ayma_tapia_poma-main\proyecto-si784-2024-ii-u2-ayma_tapia_poma-main\project\tests\Functional\AuthControllerTest.php" line="184" class="Tests\Functional\AuthControllerTest" classname="Tests.Functional.AuthControllerTest" assertions="3" time="0.111682"/>
        <testcase name="testLogout" file="C:\Users\TheGoat\Downloads\proyecto-si784-2024-ii-u2-ayma_tapia_poma-main\proyecto-si784-2024-ii-u2-ayma_tapia_poma-main\project\tests\Functional\AuthControllerTest.php" line="211" class="Tests\Functional\AuthControllerTest" classname="Tests.Functional.AuthControllerTest" assertions="2" time="0.063403"/>
        <testcase name="testLogoutWithoutActiveSession" file="C:\Users\TheGoat\Downloads\proyecto-si784-2024-ii-u2-ayma_tapia_poma-main\proyecto-si784-2024-ii-u2-ayma_tapia_poma-main\project\tests\Functional\AuthControllerTest.php" line="227" class="Tests\Functional\AuthControllerTest" classname="Tests.Functional.AuthControllerTest" assertions="3" time="0.058849"/>
        <testcase name="testShowLoginRedirectsIfAuthenticated" file="C:\Users\TheGoat\Downloads\proyecto-si784-2024-ii-u2-ayma_tapia_poma-main\proyecto-si784-2024-ii-u2-ayma_tapia_poma-main\project\tests\Functional\AuthControllerTest.php" line="242" class="Tests\Functional\AuthControllerTest" classname="Tests.Functional.AuthControllerTest" assertions="1" time="0.063951"/>
        <testcase name="testShowLoginIncludesLoginView" file="C:\Users\TheGoat\Downloads\proyecto-si784-2024-ii-u2-ayma_tapia_poma-main\proyecto-si784-2024-ii-u2-ayma_tapia_poma-main\project\tests\Functional\AuthControllerTest.php" line="256" class="Tests\Functional\AuthControllerTest" classname="Tests.Functional.AuthControllerTest" assertions="2" time="0.058630"/>
        <testcase name="testShowRegisterRedirectsIfAuthenticated" file="C:\Users\TheGoat\Downloads\proyecto-si784-2024-ii-u2-ayma_tapia_poma-main\proyecto-si784-2024-ii-u2-ayma_tapia_poma-main\project\tests\Functional\AuthControllerTest.php" line="273" class="Tests\Functional\AuthControllerTest" classname="Tests.Functional.AuthControllerTest" assertions="1" time="0.064206"/>
        <testcase name="testShowRegisterIncludesRegisterView" file="C:\Users\TheGoat\Downloads\proyecto-si784-2024-ii-u2-ayma_tapia_poma-main\proyecto-si784-2024-ii-u2-ayma_tapia_poma-main\project\tests\Functional\AuthControllerTest.php" line="285" class="Tests\Functional\AuthControllerTest" classname="Tests.Functional.AuthControllerTest" assertions="2" time="0.060229"/>
      </testsuite>
      <testsuite name="Tests\Functional\NotificationControllerTest" file="C:\Users\TheGoat\Downloads\proyecto-si784-2024-ii-u2-ayma_tapia_poma-main\proyecto-si784-2024-ii-u2-ayma_tapia_poma-main\project\tests\Functional\NotificationControllerTest.php" tests="10" assertions="26" errors="0" failures="0" skipped="0" time="0.002712">
        <testcase name="testCreateNotificationWithValidData" file="C:\Users\TheGoat\Downloads\proyecto-si784-2024-ii-u2-ayma_tapia_poma-main\proyecto-si784-2024-ii-u2-ayma_tapia_poma-main\project\tests\Functional\NotificationControllerTest.php" line="29" class="Tests\Functional\NotificationControllerTest" classname="Tests.Functional.NotificationControllerTest" assertions="3" time="0.001487"/>
        <testcase name="testCreateNotificationWithEmptyMessage" file="C:\Users\TheGoat\Downloads\proyecto-si784-2024-ii-u2-ayma_tapia_poma-main\proyecto-si784-2024-ii-u2-ayma_tapia_poma-main\project\tests\Functional\NotificationControllerTest.php" line="59" class="Tests\Functional\NotificationControllerTest" classname="Tests.Functional.NotificationControllerTest" assertions="3" time="0.000149"/>
        <testcase name="testCreateNotificationWithoutUserSession" file="C:\Users\TheGoat\Downloads\proyecto-si784-2024-ii-u2-ayma_tapia_poma-main\proyecto-si784-2024-ii-u2-ayma_tapia_poma-main\project\tests\Functional\NotificationControllerTest.php" line="80" class="Tests\Functional\NotificationControllerTest" classname="Tests.Functional.NotificationControllerTest" assertions="2" time="0.000126"/>
        <testcase name="testMarkAsReadWithSuccess" file="C:\Users\TheGoat\Downloads\proyecto-si784-2024-ii-u2-ayma_tapia_poma-main\proyecto-si784-2024-ii-u2-ayma_tapia_poma-main\project\tests\Functional\NotificationControllerTest.php" line="98" class="Tests\Functional\NotificationControllerTest" classname="Tests.Functional.NotificationControllerTest" assertions="3" time="0.000142"/>
        <testcase name="testDeleteNotificationWithSuccess" file="C:\Users\TheGoat\Downloads\proyecto-si784-2024-ii-u2-ayma_tapia_poma-main\proyecto-si784-2024-ii-u2-ayma_tapia_poma-main\project\tests\Functional\NotificationControllerTest.php" line="124" class="Tests\Functional\NotificationControllerTest" classname="Tests.Functional.NotificationControllerTest" assertions="3" time="0.000141"/>
        <testcase name="testCreateNotificationWithInvalidUserId" file="C:\Users\TheGoat\Downloads\proyecto-si784-2024-ii-u2-ayma_tapia_poma-main\proyecto-si784-2024-ii-u2-ayma_tapia_poma-main\project\tests\Functional\NotificationControllerTest.php" line="151" class="Tests\Functional\NotificationControllerTest" classname="Tests.Functional.NotificationControllerTest" assertions="3" time="0.000144"/>
        <testcase name="testShowNotifications" file="C:\Users\TheGoat\Downloads\proyecto-si784-2024-ii-u2-ayma_tapia_poma-main\proyecto-si784-2024-ii-u2-ayma_tapia_poma-main\project\tests\Functional\NotificationControllerTest.php" line="176" class="Tests\Functional\NotificationControllerTest" classname="Tests.Functional.NotificationControllerTest" assertions="1" time="0.000130"/>
        <testcase name="testShowNotificationsWithoutUserLoggedIn" file="C:\Users\TheGoat\Downloads\proyecto-si784-2024-ii-u2-ayma_tapia_poma-main\proyecto-si784-2024-ii-u2-ayma_tapia_poma-main\project\tests\Functional\NotificationControllerTest.php" line="201" class="Tests\Functional\NotificationControllerTest" classname="Tests.Functional.NotificationControllerTest" assertions="2" time="0.000132"/>
        <testcase name="testDeleteNotificationWithoutId" file="C:\Users\TheGoat\Downloads\proyecto-si784-2024-ii-u2-ayma_tapia_poma-main\proyecto-si784-2024-ii-u2-ayma_tapia_poma-main\project\tests\Functional\NotificationControllerTest.php" line="220" class="Tests\Functional\NotificationControllerTest" classname="Tests.Functional.NotificationControllerTest" assertions="3" time="0.000132"/>
        <testcase name="testMarkAsReadWithFailure" file="C:\Users\TheGoat\Downloads\proyecto-si784-2024-ii-u2-ayma_tapia_poma-main\proyecto-si784-2024-ii-u2-ayma_tapia_poma-main\project\tests\Functional\NotificationControllerTest.php" line="242" class="Tests\Functional\NotificationControllerTest" classname="Tests.Functional.NotificationControllerTest" assertions="3" time="0.000130"/>
      </testsuite>
      <testsuite name="Tests\Functional\TaskControllerTest" file="C:\Users\TheGoat\Downloads\proyecto-si784-2024-ii-u2-ayma_tapia_poma-main\proyecto-si784-2024-ii-u2-ayma_tapia_poma-main\project\tests\Functional\TaskControllerTest.php" tests="15" assertions="40" errors="0" failures="0" skipped="0" time="0.005105">
        <testcase name="testShowTasks" file="C:\Users\TheGoat\Downloads\proyecto-si784-2024-ii-u2-ayma_tapia_poma-main\proyecto-si784-2024-ii-u2-ayma_tapia_poma-main\project\tests\Functional\TaskControllerTest.php" line="31" class="Tests\Functional\TaskControllerTest" classname="Tests.Functional.TaskControllerTest" assertions="3" time="0.002079"/>
        <testcase name="testCreateTaskWithValidData" file="C:\Users\TheGoat\Downloads\proyecto-si784-2024-ii-u2-ayma_tapia_poma-main\proyecto-si784-2024-ii-u2-ayma_tapia_poma-main\project\tests\Functional\TaskControllerTest.php" line="62" class="Tests\Functional\TaskControllerTest" classname="Tests.Functional.TaskControllerTest" assertions="3" time="0.000162"/>
        <testcase name="testCreateTaskWithMissingCategoryId" file="C:\Users\TheGoat\Downloads\proyecto-si784-2024-ii-u2-ayma_tapia_poma-main\proyecto-si784-2024-ii-u2-ayma_tapia_poma-main\project\tests\Functional\TaskControllerTest.php" line="96" class="Tests\Functional\TaskControllerTest" classname="Tests.Functional.TaskControllerTest" assertions="3" time="0.000125"/>
        <testcase name="testEditTaskWithValidData" file="C:\Users\TheGoat\Downloads\proyecto-si784-2024-ii-u2-ayma_tapia_poma-main\proyecto-si784-2024-ii-u2-ayma_tapia_poma-main\project\tests\Functional\TaskControllerTest.php" line="116" class="Tests\Functional\TaskControllerTest" classname="Tests.Functional.TaskControllerTest" assertions="3" time="0.000141"/>
        <testcase name="testDeleteTaskSuccessfully" file="C:\Users\TheGoat\Downloads\proyecto-si784-2024-ii-u2-ayma_tapia_poma-main\proyecto-si784-2024-ii-u2-ayma_tapia_poma-main\project\tests\Functional\TaskControllerTest.php" line="150" class="Tests\Functional\TaskControllerTest" classname="Tests.Functional.TaskControllerTest" assertions="3" time="0.000141"/>
        <testcase name="testEditTaskWithInvalidData" file="C:\Users\TheGoat\Downloads\proyecto-si784-2024-ii-u2-ayma_tapia_poma-main\proyecto-si784-2024-ii-u2-ayma_tapia_poma-main\project\tests\Functional\TaskControllerTest.php" line="172" class="Tests\Functional\TaskControllerTest" classname="Tests.Functional.TaskControllerTest" assertions="3" time="0.000113"/>
        <testcase name="testDeleteTaskWithFailure" file="C:\Users\TheGoat\Downloads\proyecto-si784-2024-ii-u2-ayma_tapia_poma-main\proyecto-si784-2024-ii-u2-ayma_tapia_poma-main\project\tests\Functional\TaskControllerTest.php" line="193" class="Tests\Functional\TaskControllerTest" classname="Tests.Functional.TaskControllerTest" assertions="3" time="0.000132"/>
        <testcase name="testCreateTaskWithException" file="C:\Users\TheGoat\Downloads\proyecto-si784-2024-ii-u2-ayma_tapia_poma-main\proyecto-si784-2024-ii-u2-ayma_tapia_poma-main\project\tests\Functional\TaskControllerTest.php" line="215" class="Tests\Functional\TaskControllerTest" classname="Tests.Functional.TaskControllerTest" assertions="2" time="0.000831"/>
        <testcase name="testDeleteTaskWithException" file="C:\Users\TheGoat\Downloads\proyecto-si784-2024-ii-u2-ayma_tapia_poma-main\proyecto-si784-2024-ii-u2-ayma_tapia_poma-main\project\tests\Functional\TaskControllerTest.php" line="239" class="Tests\Functional\TaskControllerTest" classname="Tests.Functional.TaskControllerTest" assertions="2" time="0.000168"/>
        <testcase name="testEditTaskWithInvalidCategory" file="C:\Users\TheGoat\Downloads\proyecto-si784-2024-ii-u2-ayma_tapia_poma-main\proyecto-si784-2024-ii-u2-ayma_tapia_poma-main\project\tests\Functional\TaskControllerTest.php" line="258" class="Tests\Functional\TaskControllerTest" classname="Tests.Functional.TaskControllerTest" assertions="3" time="0.000146"/>
        <testcase name="testCreateTaskWithNonExistentCategory" file="C:\Users\TheGoat\Downloads\proyecto-si784-2024-ii-u2-ayma_tapia_poma-main\proyecto-si784-2024-ii-u2-ayma_tapia_poma-main\project\tests\Functional\TaskControllerTest.php" line="288" class="Tests\Functional\TaskControllerTest" classname="Tests.Functional.TaskControllerTest" assertions="3" time="0.000136"/>
        <testcase name="testShowCreateTaskForm" file="C:\Users\TheGoat\Downloads\proyecto-si784-2024-ii-u2-ayma_tapia_poma-main\proyecto-si784-2024-ii-u2-ayma_tapia_poma-main\project\tests\Functional\TaskControllerTest.php" line="319" class="Tests\Functional\TaskControllerTest" classname="Tests.Functional.TaskControllerTest" assertions="2" time="0.000323"/>
        <testcase name="testShowEditTaskFormWithValidTask" file="C:\Users\TheGoat\Downloads\proyecto-si784-2024-ii-u2-ayma_tapia_poma-main\proyecto-si784-2024-ii-u2-ayma_tapia_poma-main\project\tests\Functional\TaskControllerTest.php" line="345" class="Tests\Functional\TaskControllerTest" classname="Tests.Functional.TaskControllerTest" assertions="3" time="0.000323"/>
        <testcase name="testShowEditTaskFormWithInvalidTask" file="C:\Users\TheGoat\Downloads\proyecto-si784-2024-ii-u2-ayma_tapia_poma-main\proyecto-si784-2024-ii-u2-ayma_tapia_poma-main\project\tests\Functional\TaskControllerTest.php" line="387" class="Tests\Functional\TaskControllerTest" classname="Tests.Functional.TaskControllerTest" assertions="1" time="0.000143"/>
        <testcase name="testCreateTaskWithLongTitle" file="C:\Users\TheGoat\Downloads\proyecto-si784-2024-ii-u2-ayma_tapia_poma-main\proyecto-si784-2024-ii-u2-ayma_tapia_poma-main\project\tests\Functional\TaskControllerTest.php" line="409" class="Tests\Functional\TaskControllerTest" classname="Tests.Functional.TaskControllerTest" assertions="3" time="0.000142"/>
      </testsuite>
    </testsuite>
    <testsuite name="Integration Tests" tests="8" assertions="13" errors="0" failures="0" skipped="0" time="5.574326">
      <testsuite name="Tests\Integration\DatabaseTest" file="C:\Users\TheGoat\Downloads\proyecto-si784-2024-ii-u2-ayma_tapia_poma-main\proyecto-si784-2024-ii-u2-ayma_tapia_poma-main\project\tests\Integration\DatabaseTest.php" tests="8" assertions="13" errors="0" failures="0" skipped="0" time="5.574326">
        <testcase name="testDatabaseConnectionWithValidConfig" file="C:\Users\TheGoat\Downloads\proyecto-si784-2024-ii-u2-ayma_tapia_poma-main\proyecto-si784-2024-ii-u2-ayma_tapia_poma-main\project\tests\Integration\DatabaseTest.php" line="15" class="Tests\Integration\DatabaseTest" classname="Tests.Integration.DatabaseTest" assertions="1" time="0.058500"/>
        <testcase name="testInvalidDatabaseConfiguration" file="C:\Users\TheGoat\Downloads\proyecto-si784-2024-ii-u2-ayma_tapia_poma-main\proyecto-si784-2024-ii-u2-ayma_tapia_poma-main\project\tests\Integration\DatabaseTest.php" line="41" class="Tests\Integration\DatabaseTest" classname="Tests.Integration.DatabaseTest" assertions="2" time="0.000142"/>
        <testcase name="testPdoErrorModeIsSetCorrectly" file="C:\Users\TheGoat\Downloads\proyecto-si784-2024-ii-u2-ayma_tapia_poma-main\proyecto-si784-2024-ii-u2-ayma_tapia_poma-main\project\tests\Integration\DatabaseTest.php" line="65" class="Tests\Integration\DatabaseTest" classname="Tests.Integration.DatabaseTest" assertions="1" time="0.055886"/>
        <testcase name="testPdoAttributesAreSetCorrectly" file="C:\Users\TheGoat\Downloads\proyecto-si784-2024-ii-u2-ayma_tapia_poma-main\proyecto-si784-2024-ii-u2-ayma_tapia_poma-main\project\tests\Integration\DatabaseTest.php" line="92" class="Tests\Integration\DatabaseTest" classname="Tests.Integration.DatabaseTest" assertions="1" time="0.058444"/>
        <testcase name="testDatabaseConnectionWithInvalidCredentials" file="C:\Users\TheGoat\Downloads\proyecto-si784-2024-ii-u2-ayma_tapia_poma-main\proyecto-si784-2024-ii-u2-ayma_tapia_poma-main\project\tests\Integration\DatabaseTest.php" line="119" class="Tests\Integration\DatabaseTest" classname="Tests.Integration.DatabaseTest" assertions="2" time="0.015711"/>
        <testcase name="testDatabaseConnectionFails" file="C:\Users\TheGoat\Downloads\proyecto-si784-2024-ii-u2-ayma_tapia_poma-main\proyecto-si784-2024-ii-u2-ayma_tapia_poma-main\project\tests\Integration\DatabaseTest.php" line="146" class="Tests\Integration\DatabaseTest" classname="Tests.Integration.DatabaseTest" assertions="2" time="2.688591"/>
        <testcase name="testConnectionThrowsPdoExceptionOnFailure" file="C:\Users\TheGoat\Downloads\proyecto-si784-2024-ii-u2-ayma_tapia_poma-main\proyecto-si784-2024-ii-u2-ayma_tapia_poma-main\project\tests\Integration\DatabaseTest.php" line="167" class="Tests\Integration\DatabaseTest" classname="Tests.Integration.DatabaseTest" assertions="2" time="2.696923"/>
        <testcase name="testThrowsExceptionForInvalidConfiguration" file="C:\Users\TheGoat\Downloads\proyecto-si784-2024-ii-u2-ayma_tapia_poma-main\proyecto-si784-2024-ii-u2-ayma_tapia_poma-main\project\tests\Integration\DatabaseTest.php" line="188" class="Tests\Integration\DatabaseTest" classname="Tests.Integration.DatabaseTest" assertions="2" time="0.000130"/>
      </testsuite>
    </testsuite>
  </testsuite>
</testsuites>
